Thu 20 Apr 2023 12:19:26 AM UTC: 
 tests:  1|8
total_score: 0/70
dd6429f
Thu 20 Apr 2023 12:25:44 AM UTC: 
 treemap.c | 7 ++++++-
 1 file changed, 6 insertions(+), 1 deletion(-)
 tests:  1|8
total_score: 0/70
6da245d
Thu 20 Apr 2023 12:25:51 AM UTC: 
 treemap.c | 2 +-
 1 file changed, 1 insertion(+), 1 deletion(-)
 tests:  3|8
total_score: 0/70
b8b9de9
Thu 20 Apr 2023 12:26:09 AM UTC: 
 treemap.c | 2 +-
 1 file changed, 1 insertion(+), 1 deletion(-)
 tests:  4|7
total_score: 5/70
a1e7743
Thu 20 Apr 2023 12:40:56 AM UTC: 
 treemap.c | 24 ++++++++++++++++++++++--
 1 file changed, 22 insertions(+), 2 deletions(-)
 tests:  11|6
total_score: 15/70
84adecf
Thu 20 Apr 2023 12:54:04 AM UTC: 
 treemap.c | 41 +++++++++++++++++++++++++++++++++++++----
 1 file changed, 37 insertions(+), 4 deletions(-)
In file included from test.c:4:
treemap.c: In function ‘insertTreeMap’:
treemap.c:80:3: error: expected expression before ‘}’ token
   80 |   }
      |   ^
Compilation failed
f7893de
Thu 20 Apr 2023 12:54:14 AM UTC: 
 treemap.c | 2 +-
 1 file changed, 1 insertion(+), 1 deletion(-)
 tests:  0|0
daaf3b3
Thu 20 Apr 2023 12:54:46 AM UTC: 
 treemap.c | 4 ++--
 1 file changed, 2 insertions(+), 2 deletions(-)
 tests:  0|0
4702533
Thu 20 Apr 2023 12:57:00 AM UTC: 
 treemap.c | 32 +++++++++++++++++++++-----------
 1 file changed, 21 insertions(+), 11 deletions(-)
In file included from test.c:4:
treemap.c:96:1: error: expected identifier or ‘(’ before ‘}’ token
   96 | }
      | ^
Compilation failed
8f9753c
Thu 20 Apr 2023 12:57:08 AM UTC: 
 treemap.c | 5 -----
 1 file changed, 5 deletions(-)
 tests:  13|5
total_score: 25/70
e004936
Thu 20 Apr 2023 12:59:12 AM UTC: 
 treemap.c | 10 +++++++---
 1 file changed, 7 insertions(+), 3 deletions(-)
 tests:  13|5
total_score: 25/70
6d0b4d1
Thu 20 Apr 2023 12:59:51 AM UTC: 
 treemap.c | 2 +-
 1 file changed, 1 insertion(+), 1 deletion(-)
 tests:  15|4
total_score: 25/70
87f3184
Thu 20 Apr 2023 01:03:18 AM UTC: 
 treemap.c | 8 +++++---
 1 file changed, 5 insertions(+), 3 deletions(-)
 tests:  17|3
total_score: 30/70
74aa804
Thu 20 Apr 2023 07:58:45 PM UTC: 
 treemap.c | 46 ++++++++++++++++++++++++++++++++++++++++++++--
 1 file changed, 44 insertions(+), 2 deletions(-)
 tests:  0|0
a1b3268
Thu 20 Apr 2023 08:01:00 PM UTC: 
 treemap.c | 6 ++++++
 1 file changed, 6 insertions(+)
In file included from test.c:4:
treemap.c: In function ‘removeNode’:
treemap.c:126:20: error: ‘hijo’ may be used uninitialized [-Werror=maybe-uninitialized]
  126 |       hijo->parent = NULL; // no existe padre
      |                    ^
cc1: all warnings being treated as errors
Compilation failed
f3a3853
Thu 20 Apr 2023 08:01:16 PM UTC: 
 treemap.c | 10 +++++-----
 1 file changed, 5 insertions(+), 5 deletions(-)
 tests:  0|0
1eb0a23
Thu 20 Apr 2023 08:01:49 PM UTC: 
 treemap.c | 1 +
 1 file changed, 1 insertion(+)
 tests:  0|0
0f31da5
Thu 20 Apr 2023 08:02:29 PM UTC: 
 treemap.c | 3 +++
 1 file changed, 3 insertions(+)
 tests:  0|0
1def9d6
Thu 20 Apr 2023 08:03:15 PM UTC: 
 treemap.c | 5 ++++-
 1 file changed, 4 insertions(+), 1 deletion(-)
 tests:  0|0
4b0c4b3
Thu 20 Apr 2023 08:05:31 PM UTC: 
 treemap.c | 4 ++--
 1 file changed, 2 insertions(+), 2 deletions(-)
 tests:  19|3
total_score: 40/70
d3e05be
Thu 20 Apr 2023 08:06:09 PM UTC: 
 treemap.c | 6 ++----
 1 file changed, 2 insertions(+), 4 deletions(-)
 tests:  19|3
total_score: 40/70
fef498e
Thu 20 Apr 2023 08:08:32 PM UTC: 
 treemap.c | 14 ++++++++++++--
 1 file changed, 12 insertions(+), 2 deletions(-)
 tests:  20|2
total_score: 45/70
b3bb7ab
Thu 20 Apr 2023 08:12:01 PM UTC: 
 treemap.c | 11 ++++++++---
 1 file changed, 8 insertions(+), 3 deletions(-)
 tests:  22|2
total_score: 50/70
608bb79
Thu 20 Apr 2023 08:12:30 PM UTC: 
 treemap.c | 7 ++++++-
 1 file changed, 6 insertions(+), 1 deletion(-)
 tests:  0|0
439f47c
Thu 20 Apr 2023 08:12:59 PM UTC: 
 treemap.c | 2 +-
 1 file changed, 1 insertion(+), 1 deletion(-)
In file included from test.c:4:
treemap.c: In function ‘nextTreeMap’:
treemap.c:226:1: error: control reaches end of non-void function [-Werror=return-type]
  226 | }
      | ^
cc1: all warnings being treated as errors
Compilation failed
06b0d28
Thu 20 Apr 2023 08:13:21 PM UTC: 
 treemap.c | 7 +++++--
 1 file changed, 5 insertions(+), 2 deletions(-)
In file included from test.c:4:
treemap.c: In function ‘nextTreeMap’:
treemap.c:228:3: error: ‘return’ with no value, in function returning non-void [-Werror=return-type]
  228 |   return ;
      |   ^~~~~~
treemap.c:214:8: note: declared here
  214 | Pair * nextTreeMap(TreeMap * tree)
      |        ^~~~~~~~~~~
cc1: all warnings being treated as errors
Compilation failed
45f644e
Thu 20 Apr 2023 08:13:25 PM UTC: 
 treemap.c | 2 +-
 1 file changed, 1 insertion(+), 1 deletion(-)
 tests:  22|2
total_score: 50/70
f451a5b
Thu 20 Apr 2023 08:16:19 PM UTC: 
 treemap.c | 101 ++++++++++++++++++++++++--------------------------------------
 1 file changed, 39 insertions(+), 62 deletions(-)
 tests:  22|2
total_score: 50/70
e988f8d
Fri 21 Apr 2023 06:45:57 PM UTC: 
 treemap.c | 13 +++++--------
 1 file changed, 5 insertions(+), 8 deletions(-)
 tests:  21|2
total_score: 50/70
f8f8186
Fri 21 Apr 2023 06:46:51 PM UTC: 
 treemap.c | 4 +++-
 1 file changed, 3 insertions(+), 1 deletion(-)
 tests:  21|2
total_score: 50/70
2d6edab
Fri 21 Apr 2023 06:48:16 PM UTC: 
 treemap.c | 2 +-
 1 file changed, 1 insertion(+), 1 deletion(-)
In file included from test.c:4:
treemap.c: In function ‘nextTreeMap’:
treemap.c:200:14: error: ‘TreeMap’ has no member named ‘pair’
  200 |   return tree->pair;
      |              ^~
Compilation failed
f37ecbc
Fri 21 Apr 2023 06:48:36 PM UTC: 
 treemap.c | 2 +-
 1 file changed, 1 insertion(+), 1 deletion(-)
 tests:  21|2
total_score: 50/70
f9ae670
Fri 21 Apr 2023 06:51:39 PM UTC: 
 treemap.c | 1 -
 1 file changed, 1 deletion(-)
 tests:  21|2
total_score: 50/70
7b17952
Sat 22 Apr 2023 05:22:14 AM UTC: 
 treemap.c | 14 ++++++++++++--
 1 file changed, 12 insertions(+), 2 deletions(-)
In file included from test.c:4:
treemap.c: In function ‘nextTreeMap’:
treemap.c:197:24: error: ‘current’ undeclared (first use in this function)
  197 |     TreeNode* parent = current->parent;
      |                        ^~~~~~~
treemap.c:197:24: note: each undeclared identifier is reported only once for each function it appears in
Compilation failed
8d13fd6
Sat 22 Apr 2023 05:22:25 AM UTC: 
 treemap.c | 2 +-
 1 file changed, 1 insertion(+), 1 deletion(-)
 tests:  21|2
total_score: 50/70
e7b2da2
Sat 22 Apr 2023 05:22:56 AM UTC: 
 treemap.c | 4 ----
 1 file changed, 4 deletions(-)
 tests:  21|2
total_score: 50/70
fcece00
Sat 22 Apr 2023 05:27:29 AM UTC: 
 treemap.c | 19 ++++++++++++++++++-
 1 file changed, 18 insertions(+), 1 deletion(-)
In file included from test.c:4:
treemap.c: In function ‘upperBound’:
treemap.c:186:17: error: ‘TreeMap’ has no member named ‘compare’
  186 |         if (tree->compare(key, current->pair->key) < 0) { // si key es menor a la clave del nodo actual
      |                 ^~
treemap.c:190:22: error: ‘TreeMap’ has no member named ‘compare’
  190 |         else if (tree->compare(key, current->pair->key) > 0) { // si key es mayor a la clave del nodo actual
      |                      ^~
treemap.c:183:15: error: variable ‘ub_node’ set but not used [-Werror=unused-but-set-variable]
  183 |     TreeNode* ub_node = NULL;
      |               ^~~~~~~
treemap.c:197:1: error: control reaches end of non-void function [-Werror=return-type]
  197 | }
      | ^
cc1: all warnings being treated as errors
Compilation failed
ec7d0af
Sat 22 Apr 2023 05:28:26 AM UTC: 
 treemap.c | 10 ++++++----
 1 file changed, 6 insertions(+), 4 deletions(-)
test.c: In function ‘upperBound’:
test.c:503:5: error: ‘main’ is normally a non-static function [-Werror=main]
  503 | int main( int argc, char *argv[] ) {
      |     ^~~~
test.c:606:1: error: expected declaration or statement at end of input
  606 | }
      | ^
In file included from test.c:4:
treemap.c:183:13: error: variable ‘ub_node’ set but not used [-Werror=unused-but-set-variable]
  183 |   TreeNode* ub_node = NULL;
      |             ^~~~~~~
test.c:607: error: control reaches end of non-void function [-Werror=return-type]
At top level:
test.c:503:5: error: ‘main’ defined but not used [-Werror=unused-function]
  503 | int main( int argc, char *argv[] ) {
      |     ^~~~
cc1: all warnings being treated as errors
Compilation failed
abd0cfd
